<?xml version="1.0" encoding="UTF-8"?>
<testng-results ignored="0" total="1" passed="1" failed="0" skipped="0">
  <reporter-output>
  </reporter-output>
  <suite started-at="2024-04-11T16:22:31 IST" name="Suite" finished-at="2024-04-11T16:23:01 IST" duration-ms="29791">
    <groups>
      <group name="cucumber">
        <method signature="AbstractTestNGCucumberTests.runScenario(io.cucumber.testng.PickleWrapper,io.cucumber.testng.FeatureWrapper)[pri:0, instance:runner.MyRunner@6892b3b6]" name="runScenario" class="io.cucumber.testng.AbstractTestNGCucumberTests"/>
      </group> <!-- cucumber -->
    </groups>
    <test started-at="2024-04-11T16:22:31 IST" name="Test" finished-at="2024-04-11T16:23:01 IST" duration-ms="29791">
      <class name="runner.MyRunner">
        <test-method is-config="true" signature="setUpClass(org.testng.ITestContext)[pri:0, instance:runner.MyRunner@6892b3b6]" started-at="2024-04-11T16:22:31 IST" name="setUpClass" finished-at="2024-04-11T16:22:32 IST" duration-ms="862" status="PASS">
          <params>
            <param index="0">
              <value>
                <![CDATA[org.testng.TestRunner@6468a7b6]]>
              </value>
            </param>
          </params>
          <reporter-output>
          </reporter-output>
        </test-method> <!-- setUpClass -->
        <test-method signature="runScenario(io.cucumber.testng.PickleWrapper,io.cucumber.testng.FeatureWrapper)[pri:0, instance:runner.MyRunner@6892b3b6]" started-at="2024-04-11T16:22:32 IST" name="runScenario" description="Runs Cucumber Scenarios" data-provider="scenarios" finished-at="2024-04-11T16:23:01 IST" duration-ms="28743" status="PASS">
          <params>
            <param index="0">
              <value>
                <![CDATA["User is able to check the functionality"]]>
              </value>
            </param>
            <param index="1">
              <value>
                <![CDATA["To test the functionality of Mandible Reconstruction procedure"]]>
              </value>
            </param>
          </params>
          <reporter-output>
          </reporter-output>
        </test-method> <!-- runScenario -->
        <test-method is-config="true" signature="tearDownClass()[pri:0, instance:runner.MyRunner@6892b3b6]" started-at="2024-04-11T16:23:01 IST" name="tearDownClass" finished-at="2024-04-11T16:23:01 IST" duration-ms="135" status="PASS">
          <reporter-output>
          </reporter-output>
        </test-method> <!-- tearDownClass -->
      </class> <!-- runner.MyRunner -->
    </test> <!-- Test -->
  </suite> <!-- Suite -->
</testng-results>
